{"uuid":"b71438ce-eee4-4d10-ac38-68c303a72462","historyId":"a48298cd341747ebaf5caa7511a44608","fullName":"tests.LoginPageTest.testLoginPageDisplay","labels":[{"name":"package","value":"tests.LoginPageTest"},{"name":"testClass","value":"tests.LoginPageTest"},{"name":"testMethod","value":"testLoginPageDisplay"},{"name":"parentSuite","value":"OpenEMR Test Suite"},{"name":"suite","value":"Login Tests"},{"name":"subSuite","value":"tests.LoginPageTest"},{"name":"host","value":"DESKTOP-A0EAS6T"},{"name":"thread","value":"16488@DESKTOP-A0EAS6T.main(1)"},{"name":"framework","value":"testng"},{"name":"language","value":"java"},{"name":"story","value":"Login Page Display"},{"name":"epic","value":"OpenEMR Application"},{"name":"feature","value":"Login Functionality"},{"name":"severity","value":"critical"}],"links":[],"name":"Verify login page is displayed","status":"failed","statusDetails":{"known":false,"muted":false,"flaky":false,"message":"Login page should be displayed expected [true] but found [false]","trace":"java.lang.AssertionError: Login page should be displayed expected [true] but found [false]\r\n\tat org.testng.Assert.fail(Assert.java:111)\r\n\tat org.testng.Assert.failNotEquals(Assert.java:1578)\r\n\tat org.testng.Assert.assertTrue(Assert.java:57)\r\n\tat tests.LoginPageTest.testLoginPageDisplay(LoginPageTest.java:36)\r\n\tat java.base/jdk.internal.reflect.DirectMethodHandleAccessor.invoke(DirectMethodHandleAccessor.java:103)\r\n\tat java.base/java.lang.reflect.Method.invoke(Method.java:580)\r\n\tat org.testng.internal.invokers.MethodInvocationHelper.invokeMethod(MethodInvocationHelper.java:139)\r\n\tat org.testng.internal.invokers.TestInvoker.invokeMethod(TestInvoker.java:664)\r\n\tat org.testng.internal.invokers.TestInvoker.invokeTestMethod(TestInvoker.java:227)\r\n\tat org.testng.internal.invokers.MethodRunner.runInSequence(MethodRunner.java:50)\r\n\tat org.testng.internal.invokers.TestInvoker$MethodInvocationAgent.invoke(TestInvoker.java:957)\r\n\tat org.testng.internal.invokers.TestInvoker.invokeTestMethods(TestInvoker.java:200)\r\n\tat org.testng.internal.invokers.TestMethodWorker.invokeTestMethods(TestMethodWorker.java:148)\r\n\tat org.testng.internal.invokers.TestMethodWorker.run(TestMethodWorker.java:128)\r\n\tat java.base/java.util.ArrayList.forEach(ArrayList.java:1596)\r\n\tat org.testng.TestRunner.privateRun(TestRunner.java:848)\r\n\tat org.testng.TestRunner.run(TestRunner.java:621)\r\n\tat org.testng.SuiteRunner.runTest(SuiteRunner.java:443)\r\n\tat org.testng.SuiteRunner.runSequentially(SuiteRunner.java:437)\r\n\tat org.testng.SuiteRunner.privateRun(SuiteRunner.java:397)\r\n\tat org.testng.SuiteRunner.run(SuiteRunner.java:336)\r\n\tat org.testng.SuiteRunnerWorker.runSuite(SuiteRunnerWorker.java:52)\r\n\tat org.testng.SuiteRunnerWorker.run(SuiteRunnerWorker.java:95)\r\n\tat org.testng.TestNG.runSuitesSequentially(TestNG.java:1280)\r\n\tat org.testng.TestNG.runSuitesLocally(TestNG.java:1200)\r\n\tat org.testng.TestNG.runSuites(TestNG.java:1114)\r\n\tat org.testng.TestNG.run(TestNG.java:1082)\r\n\tat org.testng.remote.AbstractRemoteTestNG.run(AbstractRemoteTestNG.java:115)\r\n\tat org.testng.remote.RemoteTestNG.initAndRun(RemoteTestNG.java:293)\r\n\tat org.testng.remote.RemoteTestNG.main(RemoteTestNG.java:91)\r\n"},"stage":"finished","description":"Verify that the login page is displayed correctly when accessing the application","steps":[{"name":"Test Started: testLoginPageDisplay","status":"passed","stage":"finished","steps":[],"attachments":[],"parameters":[],"start":1767633576745,"stop":1767633576746},{"name":"Verify login page is displayed","status":"passed","stage":"finished","steps":[],"attachments":[],"parameters":[],"start":1767633576747,"stop":1767633576747},{"name":"Test Failed: testLoginPageDisplay","status":"passed","stage":"finished","steps":[],"attachments":[],"parameters":[],"start":1767633597309,"stop":1767633597309}],"attachments":[{"name":"FAILURE_testLoginPageDisplay","source":"17f88151-fdc0-49a0-a23d-ec8b850e0e76-attachment.png","type":"image/png"}],"parameters":[{"name":"browser","value":"chrome"}],"start":1767633576743,"stop":1767633597314}