<?xml version="1.0" encoding="UTF-8"?>
<testsuite xmlns:xsi="http://www.w3.org/2001/XMLSchema-instance" xsi:noNamespaceSchemaLocation="https://maven.apache.org/surefire/maven-surefire-plugin/xsd/surefire-test-report-3.0.xsd" version="3.0" name="TestSuite" time="54.255" tests="5" errors="0" skipped="0" failures="1">
  <properties>
[...]
</properties>
  <testcase name="testLoginPageDisplay" classname="tests.LoginPageTest" time="20.151">
    <failure message="Login page should be displayed expected [true] but found [false]" type="java.lang.AssertionError"><![CDATA[java.lang.AssertionError: Login page should be displayed expected [true] but found [false]
	at org.testng.Assert.fail(Assert.java:111)
	at org.testng.Assert.failNotEquals(Assert.java:1578)
	at org.testng.Assert.assertTrue(Assert.java:57)
	at tests.LoginPageTest.testLoginPageDisplay(LoginPageTest.java:30)
	at java.base/jdk.internal.reflect.DirectMethodHandleAccessor.invoke(DirectMethodHandleAccessor.java:103)
	at java.base/java.lang.reflect.Method.invoke(Method.java:580)
	at org.testng.internal.invokers.MethodInvocationHelper.invokeMethod(MethodInvocationHelper.java:139)
	at org.testng.internal.invokers.TestInvoker.invokeMethod(TestInvoker.java:664)
	at org.testng.internal.invokers.TestInvoker.invokeTestMethod(TestInvoker.java:227)
	at org.testng.internal.invokers.MethodRunner.runInSequence(MethodRunner.java:50)
	at org.testng.internal.invokers.TestInvoker$MethodInvocationAgent.invoke(TestInvoker.java:957)
	at org.testng.internal.invokers.TestInvoker.invokeTestMethods(TestInvoker.java:200)
	at org.testng.internal.invokers.TestMethodWorker.invokeTestMethods(TestMethodWorker.java:148)
	at org.testng.internal.invokers.TestMethodWorker.run(TestMethodWorker.java:128)
	at java.base/java.util.ArrayList.forEach(ArrayList.java:1597)
	at org.testng.TestRunner.privateRun(TestRunner.java:848)
	at org.testng.TestRunner.run(TestRunner.java:621)
	at org.testng.SuiteRunner.runTest(SuiteRunner.java:443)
	at org.testng.SuiteRunner.runSequentially(SuiteRunner.java:437)
	at org.testng.SuiteRunner.privateRun(SuiteRunner.java:397)
	at org.testng.SuiteRunner.run(SuiteRunner.java:336)
	at org.testng.SuiteRunnerWorker.runSuite(SuiteRunnerWorker.java:52)
	at org.testng.SuiteRunnerWorker.run(SuiteRunnerWorker.java:95)
	at org.testng.TestNG.runSuitesSequentially(TestNG.java:1280)
	at org.testng.TestNG.runSuitesLocally(TestNG.java:1200)
	at org.testng.TestNG.runSuites(TestNG.java:1114)
	at org.testng.TestNG.run(TestNG.java:1082)
	at org.apache.maven.surefire.testng.TestNGExecutor.run(TestNGExecutor.java:308)
	at org.apache.maven.surefire.testng.TestNGXmlTestSuite.execute(TestNGXmlTestSuite.java:71)
	at org.apache.maven.surefire.testng.TestNGProvider.invoke(TestNGProvider.java:113)
	at org.apache.maven.surefire.booter.ForkedBooter.runSuitesInProcess(ForkedBooter.java:385)
	at org.apache.maven.surefire.booter.ForkedBooter.execute(ForkedBooter.java:162)
	at org.apache.maven.surefire.booter.ForkedBooter.run(ForkedBooter.java:507)
	at org.apache.maven.surefire.booter.ForkedBooter.main(ForkedBooter.java:495)
]]></failure>
    <system-out><![CDATA[2026-01-05 11:42:21.875 [main] INFO  tests.BaseTest - ========== Test Execution Started ==========
2026-01-05 11:42:21.878 [main] INFO  tests.BaseTest - Initializing WebDriver for browser: chrome
2026-01-05 11:42:24.988 [main] INFO  tests.BaseTest - Chrome browser initialized
2026-01-05 11:42:25.069 [main] INFO  utils.ConfigReader - Loading configuration from: src/test/resources/config.properties
2026-01-05 11:42:25.070 [main] INFO  utils.ConfigReader - Configuration loaded successfully
2026-01-05 11:42:25.071 [main] INFO  tests.BaseTest - Navigating to URL: http://localhost/openemr
2026-01-05 11:42:26.257 [main] INFO  tests.BaseTest - Browser setup completed successfully
2026-01-05 11:42:26.289 [main] INFO  pages.LoginPage - LoginPage initialized
2026-01-05 11:42:26.290 [main] INFO  tests.LoginPageTest - LoginPage object created for test
2026-01-05 11:42:26.293 [main] INFO  tests.LoginPageTest - ========== Starting Test: Verify Login Page Display ==========
2026-01-05 11:42:26.294 [main] INFO  tests.BaseTest - TEST STEP: Verify login page is displayed
2026-01-05 11:42:46.407 [main] ERROR pages.LoginPage - Failed to verify login page: Expected condition failed: waiting for visibility of Proxy element for: DefaultElementLocator 'By.xpath: //p[contains(text(),'OpenEMR')]' (tried for 10 second(s) with 500 milliseconds interval)
org.openqa.selenium.TimeoutException: Expected condition failed: waiting for visibility of Proxy element for: DefaultElementLocator 'By.xpath: //p[contains(text(),'OpenEMR')]' (tried for 10 second(s) with 500 milliseconds interval)
	at org.openqa.selenium.support.ui.WebDriverWait.timeoutException(WebDriverWait.java:84) ~[selenium-support-4.15.0.jar:?]
	at org.openqa.selenium.support.ui.FluentWait.until(FluentWait.java:229) ~[selenium-support-4.15.0.jar:?]
	at pages.LoginPage.isLoginPageDisplayed(LoginPage.java:115) ~[classes/:?]
	at tests.LoginPageTest.testLoginPageDisplay(LoginPageTest.java:28) ~[test-classes/:?]
	at java.base/jdk.internal.reflect.DirectMethodHandleAccessor.invoke(DirectMethodHandleAccessor.java:103) ~[?:?]
	at java.base/java.lang.reflect.Method.invoke(Method.java:580) ~[?:?]
	at org.testng.internal.invokers.MethodInvocationHelper.invokeMethod(MethodInvocationHelper.java:139) ~[testng-7.8.0.jar:7.8.0]
	at org.testng.internal.invokers.TestInvoker.invokeMethod(TestInvoker.java:664) ~[testng-7.8.0.jar:7.8.0]
	at org.testng.internal.invokers.TestInvoker.invokeTestMethod(TestInvoker.java:227) ~[testng-7.8.0.jar:7.8.0]
	at org.testng.internal.invokers.MethodRunner.runInSequence(MethodRunner.java:50) ~[testng-7.8.0.jar:7.8.0]
	at org.testng.internal.invokers.TestInvoker$MethodInvocationAgent.invoke(TestInvoker.java:957) ~[testng-7.8.0.jar:7.8.0]
	at org.testng.internal.invokers.TestInvoker.invokeTestMethods(TestInvoker.java:200) ~[testng-7.8.0.jar:7.8.0]
	at org.testng.internal.invokers.TestMethodWorker.invokeTestMethods(TestMethodWorker.java:148) ~[testng-7.8.0.jar:7.8.0]
	at org.testng.internal.invokers.TestMethodWorker.run(TestMethodWorker.java:128) ~[testng-7.8.0.jar:7.8.0]
	at java.base/java.util.ArrayList.forEach(ArrayList.java:1597) [?:?]
	at org.testng.TestRunner.privateRun(TestRunner.java:848) [testng-7.8.0.jar:7.8.0]
	at org.testng.TestRunner.run(TestRunner.java:621) [testng-7.8.0.jar:7.8.0]
	at org.testng.SuiteRunner.runTest(SuiteRunner.java:443) [testng-7.8.0.jar:7.8.0]
	at org.testng.SuiteRunner.runSequentially(SuiteRunner.java:437) [testng-7.8.0.jar:7.8.0]
	at org.testng.SuiteRunner.privateRun(SuiteRunner.java:397) [testng-7.8.0.jar:7.8.0]
	at org.testng.SuiteRunner.run(SuiteRunner.java:336) [testng-7.8.0.jar:7.8.0]
	at org.testng.SuiteRunnerWorker.runSuite(SuiteRunnerWorker.java:52) [testng-7.8.0.jar:7.8.0]
	at org.testng.SuiteRunnerWorker.run(SuiteRunnerWorker.java:95) [testng-7.8.0.jar:7.8.0]
	at org.testng.TestNG.runSuitesSequentially(TestNG.java:1280) [testng-7.8.0.jar:7.8.0]
	at org.testng.TestNG.runSuitesLocally(TestNG.java:1200) [testng-7.8.0.jar:7.8.0]
	at org.testng.TestNG.runSuites(TestNG.java:1114) [testng-7.8.0.jar:7.8.0]
	at org.testng.TestNG.run(TestNG.java:1082) [testng-7.8.0.jar:7.8.0]
	at org.apache.maven.surefire.testng.TestNGExecutor.run(TestNGExecutor.java:308) [surefire-testng-3.2.2.jar:3.2.2]
	at org.apache.maven.surefire.testng.TestNGXmlTestSuite.execute(TestNGXmlTestSuite.java:71) [surefire-testng-3.2.2.jar:3.2.2]
	at org.apache.maven.surefire.testng.TestNGProvider.invoke(TestNGProvider.java:113) [surefire-testng-3.2.2.jar:3.2.2]
	at org.apache.maven.surefire.booter.ForkedBooter.runSuitesInProcess(ForkedBooter.java:385) [surefire-booter-3.2.2.jar:3.2.2]
	at org.apache.maven.surefire.booter.ForkedBooter.execute(ForkedBooter.java:162) [surefire-booter-3.2.2.jar:3.2.2]
	at org.apache.maven.surefire.booter.ForkedBooter.run(ForkedBooter.java:507) [surefire-booter-3.2.2.jar:3.2.2]
	at org.apache.maven.surefire.booter.ForkedBooter.main(ForkedBooter.java:495) [surefire-booter-3.2.2.jar:3.2.2]
Caused by: org.openqa.selenium.NoSuchElementException: no such element: Unable to locate element: {"method":"xpath","selector":"//p[contains(text(),'OpenEMR')]"}
  (Session info: chrome=143.0.7499.170)
For documentation on this error, please visit: https://www.selenium.dev/documentation/webdriver/troubleshooting/errors#no-such-element-exception
Build info: version: '4.15.0', revision: '1d14b5521b'
System info: os.name: 'Windows 10', os.arch: 'amd64', os.version: '10.0', java.version: '23.0.2'
Driver info: org.openqa.selenium.chrome.ChromeDriver
Command: [2b86e4f9bad109cdf47b55ea11ad3a63, findElement {using=xpath, value=//p[contains(text(),'OpenEMR')]}]
Capabilities {acceptInsecureCerts: false, browserName: chrome, browserVersion: 143.0.7499.170, chrome: {chromedriverVersion: 143.0.7499.169 (164b20aab62..., userDataDir: C:\Users\BASHAR~1\AppData\L...}, fedcm:accounts: true, goog:chromeOptions: {debuggerAddress: localhost:3227}, goog:processID: 6796, networkConnectionEnabled: false, pageLoadStrategy: normal, platformName: windows, proxy: Proxy(), se:cdp: ws://localhost:3227/devtool..., se:cdpVersion: 143.0.7499.170, setWindowRect: true, strictFileInteractability: false, timeouts: {implicit: 0, pageLoad: 300000, script: 30000}, unhandledPromptBehavior: dismiss and notify, webauthn:extension:credBlob: true, webauthn:extension:largeBlob: true, webauthn:extension:minPinLength: true, webauthn:extension:prf: true, webauthn:virtualAuthenticators: true}
Session ID: 2b86e4f9bad109cdf47b55ea11ad3a63
	at java.base/jdk.internal.reflect.DirectConstructorHandleAccessor.newInstance(DirectConstructorHandleAccessor.java:62) ~[?:?]
	at java.base/java.lang.reflect.Constructor.newInstanceWithCaller(Constructor.java:501) ~[?:?]
	at java.base/java.lang.reflect.Constructor.newInstance(Constructor.java:485) ~[?:?]
	at org.openqa.selenium.remote.codec.w3c.W3CHttpResponseCodec.createException(W3CHttpResponseCodec.java:200) ~[selenium-remote-driver-4.15.0.jar:?]
	at org.openqa.selenium.remote.codec.w3c.W3CHttpResponseCodec.decode(W3CHttpResponseCodec.java:133) ~[selenium-remote-driver-4.15.0.jar:?]
	at org.openqa.selenium.remote.codec.w3c.W3CHttpResponseCodec.decode(W3CHttpResponseCodec.java:52) ~[selenium-remote-driver-4.15.0.jar:?]
	at org.openqa.selenium.remote.HttpCommandExecutor.execute(HttpCommandExecutor.java:191) ~[selenium-remote-driver-4.15.0.jar:?]
	at org.openqa.selenium.remote.service.DriverCommandExecutor.invokeExecute(DriverCommandExecutor.java:200) ~[selenium-remote-driver-4.15.0.jar:?]
	at org.openqa.selenium.remote.service.DriverCommandExecutor.execute(DriverCommandExecutor.java:175) ~[selenium-remote-driver-4.15.0.jar:?]
	at org.openqa.selenium.remote.RemoteWebDriver.execute(RemoteWebDriver.java:607) ~[selenium-remote-driver-4.15.0.jar:?]
	at org.openqa.selenium.remote.ElementLocation$ElementFinder$2.findElement(ElementLocation.java:165) ~[selenium-remote-driver-4.15.0.jar:?]
	at org.openqa.selenium.remote.ElementLocation.findElement(ElementLocation.java:59) ~[selenium-remote-driver-4.15.0.jar:?]
	at org.openqa.selenium.remote.RemoteWebDriver.findElement(RemoteWebDriver.java:364) ~[selenium-remote-driver-4.15.0.jar:?]
	at org.openqa.selenium.remote.RemoteWebDriver.findElement(RemoteWebDriver.java:358) ~[selenium-remote-driver-4.15.0.jar:?]
	at org.openqa.selenium.support.pagefactory.DefaultElementLocator.findElement(DefaultElementLocator.java:68) ~[selenium-support-4.15.0.jar:?]
	at org.openqa.selenium.support.pagefactory.internal.LocatingElementHandler.invoke(LocatingElementHandler.java:38) ~[selenium-support-4.15.0.jar:?]
	at jdk.proxy2/jdk.proxy2.$Proxy27.isDisplayed(Unknown Source) ~[?:?]
	at org.openqa.selenium.support.ui.ExpectedConditions.elementIfVisible(ExpectedConditions.java:304) ~[selenium-support-4.15.0.jar:?]
	at org.openqa.selenium.support.ui.ExpectedConditions$10.apply(ExpectedConditions.java:290) ~[selenium-support-4.15.0.jar:?]
	at org.openqa.selenium.support.ui.ExpectedConditions$10.apply(ExpectedConditions.java:287) ~[selenium-support-4.15.0.jar:?]
	at org.openqa.selenium.support.ui.FluentWait.until(FluentWait.java:204) ~[selenium-support-4.15.0.jar:?]
	... 32 more
]]></system-out>
    <system-err><![CDATA[SLF4J: Failed to load class "org.slf4j.impl.StaticLoggerBinder".
SLF4J: Defaulting to no-operation (NOP) logger implementation
SLF4J: See http://www.slf4j.org/codes.html#StaticLoggerBinder for further details.
Jan 05, 2026 11:42:24 AM org.openqa.selenium.devtools.CdpVersionFinder findNearestMatch
WARNING: Unable to find CDP implementation matching 143
Jan 05, 2026 11:42:24 AM org.openqa.selenium.chromium.ChromiumDriver lambda$new$5
WARNING: Unable to find version of CDP to use for 143.0.7499.170. You may need to include a dependency on a specific version of the CDP using something similar to `org.seleniumhq.selenium:selenium-devtools-v86:4.15.0` where the version ("v86") matches the version of the chromium-based browser you're using and the version number of the artifact is the same as Selenium's.
]]></system-err>
  </testcase>
  <testcase name="testValidLogin" classname="tests.LoginPageTest" time="10.794">
    <system-out><![CDATA[2026-01-05 11:42:46.447 [main] INFO  tests.BaseTest - Closing browser and cleaning up
2026-01-05 11:42:46.654 [main] INFO  tests.BaseTest - Browser closed successfully
2026-01-05 11:42:46.654 [main] INFO  tests.BaseTest - ========== Test Execution Completed ==========

2026-01-05 11:42:46.659 [main] INFO  tests.BaseTest - ========== Test Execution Started ==========
2026-01-05 11:42:46.659 [main] INFO  tests.BaseTest - Initializing WebDriver for browser: chrome
2026-01-05 11:42:47.674 [main] INFO  tests.BaseTest - Chrome browser initialized
2026-01-05 11:42:47.759 [main] INFO  tests.BaseTest - Navigating to URL: http://localhost/openemr
2026-01-05 11:42:48.926 [main] INFO  tests.BaseTest - Browser setup completed successfully
2026-01-05 11:42:48.927 [main] INFO  pages.LoginPage - LoginPage initialized
2026-01-05 11:42:48.928 [main] INFO  tests.LoginPageTest - LoginPage object created for test
2026-01-05 11:42:48.929 [main] INFO  tests.LoginPageTest - ========== Starting Test: Valid Login ==========
2026-01-05 11:42:48.930 [main] INFO  tests.BaseTest - TEST STEP: Enter valid username and password
2026-01-05 11:42:48.930 [main] INFO  pages.LoginPage - Performing login with username: Basharmal123
2026-01-05 11:42:49.222 [main] INFO  pages.LoginPage - Entered username: Basharmal123
2026-01-05 11:42:49.437 [main] INFO  pages.LoginPage - Entered password
2026-01-05 11:42:56.697 [main] INFO  pages.LoginPage - Clicked on Login button
2026-01-05 11:42:56.697 [main] INFO  pages.LoginPage - Login attempt completed
2026-01-05 11:42:56.698 [main] INFO  tests.BaseTest - TEST STEP: Wait for page to load after login
2026-01-05 11:42:59.709 [main] INFO  tests.BaseTest - TEST STEP: Verify user is logged in successfully
2026-01-05 11:42:59.719 [main] INFO  tests.LoginPageTest - Current URL after login: http://localhost/openemr/interface/main/tabs/main.php?token_main=WCiYugLbcp8ZLTrLQptduZ5Eh2PvHfuX4do0BF96
2026-01-05 11:42:59.720 [main] INFO  tests.LoginPageTest - Test Passed: User logged in successfully
]]></system-out>
    <system-err><![CDATA[Jan 05, 2026 11:42:47 AM org.openqa.selenium.devtools.CdpVersionFinder findNearestMatch
WARNING: Unable to find CDP implementation matching 143
Jan 05, 2026 11:42:47 AM org.openqa.selenium.chromium.ChromiumDriver lambda$new$5
WARNING: Unable to find version of CDP to use for 143.0.7499.170. You may need to include a dependency on a specific version of the CDP using something similar to `org.seleniumhq.selenium:selenium-devtools-v86:4.15.0` where the version ("v86") matches the version of the chromium-based browser you're using and the version number of the artifact is the same as Selenium's.
]]></system-err>
  </testcase>
  <testcase name="testInvalidLogin" classname="tests.LoginPageTest" time="3.224">
    <system-out><![CDATA[2026-01-05 11:42:59.721 [main] INFO  tests.BaseTest - Closing browser and cleaning up
2026-01-05 11:42:59.995 [main] INFO  tests.BaseTest - Browser closed successfully
2026-01-05 11:42:59.996 [main] INFO  tests.BaseTest - ========== Test Execution Completed ==========

2026-01-05 11:43:00.003 [main] INFO  tests.BaseTest - ========== Test Execution Started ==========
2026-01-05 11:43:00.004 [main] INFO  tests.BaseTest - Initializing WebDriver for browser: chrome
2026-01-05 11:43:01.543 [main] INFO  tests.BaseTest - Chrome browser initialized
2026-01-05 11:43:01.759 [main] INFO  tests.BaseTest - Navigating to URL: http://localhost/openemr
2026-01-05 11:43:03.713 [main] INFO  tests.BaseTest - Browser setup completed successfully
2026-01-05 11:43:03.715 [main] INFO  pages.LoginPage - LoginPage initialized
2026-01-05 11:43:03.715 [main] INFO  tests.LoginPageTest - LoginPage object created for test
2026-01-05 11:43:03.717 [main] INFO  tests.LoginPageTest - ========== Starting Test: Invalid Login ==========
2026-01-05 11:43:03.720 [main] INFO  tests.BaseTest - TEST STEP: Enter invalid username and password
2026-01-05 11:43:03.720 [main] INFO  pages.LoginPage - Performing login with username: invalidUser
2026-01-05 11:43:04.003 [main] INFO  pages.LoginPage - Entered username: invalidUser
2026-01-05 11:43:04.184 [main] INFO  pages.LoginPage - Entered password
2026-01-05 11:43:04.346 [main] INFO  pages.LoginPage - Clicked on Login button
2026-01-05 11:43:04.346 [main] INFO  pages.LoginPage - Login attempt completed
2026-01-05 11:43:04.347 [main] INFO  tests.BaseTest - TEST STEP: Wait for error message to appear
2026-01-05 11:43:06.353 [main] INFO  tests.BaseTest - TEST STEP: Verify error message is displayed or user stays on login page
2026-01-05 11:43:06.945 [main] INFO  tests.LoginPageTest - Current URL after invalid login: http://localhost/openemr/interface/login/login.php?site=default
2026-01-05 11:43:06.945 [main] INFO  tests.LoginPageTest - Test Passed: Invalid login handled correctly
]]></system-out>
    <system-err><![CDATA[Jan 05, 2026 11:43:01 AM org.openqa.selenium.devtools.CdpVersionFinder findNearestMatch
WARNING: Unable to find CDP implementation matching 143
Jan 05, 2026 11:43:01 AM org.openqa.selenium.chromium.ChromiumDriver lambda$new$5
WARNING: Unable to find version of CDP to use for 143.0.7499.170. You may need to include a dependency on a specific version of the CDP using something similar to `org.seleniumhq.selenium:selenium-devtools-v86:4.15.0` where the version ("v86") matches the version of the chromium-based browser you're using and the version number of the artifact is the same as Selenium's.
]]></system-err>
  </testcase>
  <testcase name="testEmptyCredentials" classname="tests.LoginPageTest" time="2.572">
    <system-out><![CDATA[2026-01-05 11:43:06.948 [main] INFO  tests.BaseTest - Closing browser and cleaning up
2026-01-05 11:43:07.168 [main] INFO  tests.BaseTest - Browser closed successfully
2026-01-05 11:43:07.169 [main] INFO  tests.BaseTest - ========== Test Execution Completed ==========

2026-01-05 11:43:07.170 [main] INFO  tests.BaseTest - ========== Test Execution Started ==========
2026-01-05 11:43:07.170 [main] INFO  tests.BaseTest - Initializing WebDriver for browser: chrome
2026-01-05 11:43:08.051 [main] INFO  tests.BaseTest - Chrome browser initialized
2026-01-05 11:43:08.135 [main] INFO  tests.BaseTest - Navigating to URL: http://localhost/openemr
2026-01-05 11:43:09.493 [main] INFO  tests.BaseTest - Browser setup completed successfully
2026-01-05 11:43:09.496 [main] INFO  pages.LoginPage - LoginPage initialized
2026-01-05 11:43:09.497 [main] INFO  tests.LoginPageTest - LoginPage object created for test
2026-01-05 11:43:09.505 [main] INFO  tests.LoginPageTest - ========== Starting Test: Empty Credentials ==========
2026-01-05 11:43:09.505 [main] INFO  tests.BaseTest - TEST STEP: Click login button without entering credentials
2026-01-05 11:43:10.053 [main] INFO  pages.LoginPage - Clicked on Login button
2026-01-05 11:43:10.054 [main] INFO  tests.BaseTest - TEST STEP: Wait for validation
2026-01-05 11:43:12.062 [main] INFO  tests.BaseTest - TEST STEP: Verify user remains on login page
2026-01-05 11:43:12.072 [main] INFO  tests.LoginPageTest - Current URL after empty login attempt: http://localhost/openemr/interface/login/login.php?site=default
2026-01-05 11:43:12.072 [main] INFO  tests.LoginPageTest - Test Passed: Empty credentials validation working
]]></system-out>
    <system-err><![CDATA[Jan 05, 2026 11:43:08 AM org.openqa.selenium.devtools.CdpVersionFinder findNearestMatch
WARNING: Unable to find CDP implementation matching 143
Jan 05, 2026 11:43:08 AM org.openqa.selenium.chromium.ChromiumDriver lambda$new$5
WARNING: Unable to find version of CDP to use for 143.0.7499.170. You may need to include a dependency on a specific version of the CDP using something similar to `org.seleniumhq.selenium:selenium-devtools-v86:4.15.0` where the version ("v86") matches the version of the chromium-based browser you're using and the version number of the artifact is the same as Selenium's.
]]></system-err>
  </testcase>
  <testcase name="testPageTitle" classname="tests.LoginPageTest" time="0.012">
    <system-out><![CDATA[2026-01-05 11:43:12.073 [main] INFO  tests.BaseTest - Closing browser and cleaning up
2026-01-05 11:43:12.249 [main] INFO  tests.BaseTest - Browser closed successfully
2026-01-05 11:43:12.249 [main] INFO  tests.BaseTest - ========== Test Execution Completed ==========

2026-01-05 11:43:12.251 [main] INFO  tests.BaseTest - ========== Test Execution Started ==========
2026-01-05 11:43:12.251 [main] INFO  tests.BaseTest - Initializing WebDriver for browser: chrome
2026-01-05 11:43:13.092 [main] INFO  tests.BaseTest - Chrome browser initialized
2026-01-05 11:43:13.152 [main] INFO  tests.BaseTest - Navigating to URL: http://localhost/openemr
2026-01-05 11:43:14.365 [main] INFO  tests.BaseTest - Browser setup completed successfully
2026-01-05 11:43:14.367 [main] INFO  pages.LoginPage - LoginPage initialized
2026-01-05 11:43:14.367 [main] INFO  tests.LoginPageTest - LoginPage object created for test
2026-01-05 11:43:14.368 [main] INFO  tests.LoginPageTest - ========== Starting Test: Verify Page Title ==========
2026-01-05 11:43:14.369 [main] INFO  tests.BaseTest - TEST STEP: Get page title
2026-01-05 11:43:14.380 [main] INFO  pages.LoginPage - Page title: OpenEMR Login
2026-01-05 11:43:14.380 [main] INFO  tests.BaseTest - TEST STEP: Verify page title contains 'OpenEMR'
2026-01-05 11:43:14.380 [main] INFO  tests.LoginPageTest - Test Passed: Page title is correct - OpenEMR Login
]]></system-out>
    <system-err><![CDATA[Jan 05, 2026 11:43:13 AM org.openqa.selenium.devtools.CdpVersionFinder findNearestMatch
WARNING: Unable to find CDP implementation matching 143
Jan 05, 2026 11:43:13 AM org.openqa.selenium.chromium.ChromiumDriver lambda$new$5
WARNING: Unable to find version of CDP to use for 143.0.7499.170. You may need to include a dependency on a specific version of the CDP using something similar to `org.seleniumhq.selenium:selenium-devtools-v86:4.15.0` where the version ("v86") matches the version of the chromium-based browser you're using and the version number of the artifact is the same as Selenium's.
]]></system-err>
  </testcase>
</testsuite>