<?xml version="1.0" encoding="UTF-8"?>
<!-- Generated by org.testng.reporters.JUnitXMLReporter -->
<testsuite ignored="0" hostname="DESKTOP-A0EAS6T" failures="1" tests="5" name="Login Tests" time="52.751" errors="0" timestamp="2026-01-05T11:43:14 EST">
  <testcase classname="tests.LoginPageTest" name="testLoginPageDisplay" time="20.149">
    <failure type="java.lang.AssertionError" message="Login page should be displayed expected [true] but found [false]">
      <![CDATA[java.lang.AssertionError: Login page should be displayed expected [true] but found [false]
at tests.LoginPageTest.testLoginPageDisplay(LoginPageTest.java:30)
at java.base/java.util.ArrayList.forEach(ArrayList.java:1597)
... Removed 32 stack frames]]>
    </failure>
  </testcase> <!-- testLoginPageDisplay -->
  <testcase classname="tests.LoginPageTest" name="testValidLogin" time="10.792"/>
  <testcase classname="tests.LoginPageTest" name="testInvalidLogin" time="3.23"/>
  <testcase classname="tests.LoginPageTest" name="testEmptyCredentials" time="2.574"/>
  <testcase classname="tests.LoginPageTest" name="testPageTitle" time="0.013"/>
</testsuite> <!-- Login Tests -->
