<?xml version="1.0" encoding="UTF-8"?>
<testng-results ignored="0" total="1" passed="1" failed="0" skipped="0">
  <reporter-output>
  </reporter-output>
  <suite started-at="2026-01-05T12:34:59 EST" name="OpenEMR Test Suite" finished-at="2026-01-05T12:35:12 EST" duration-ms="13394">
    <groups>
    </groups>
    <test started-at="2026-01-05T12:34:59 EST" name="Login Tests" finished-at="2026-01-05T12:35:12 EST" duration-ms="13394">
      <class name="tests.LoginPageTest">
        <test-method is-config="true" signature="setUp(java.lang.String)[pri:0, instance:tests.LoginPageTest@6a6c7f42]" started-at="2026-01-05T12:34:59 EST" name="setUp" finished-at="2026-01-05T12:35:03 EST" duration-ms="4323" status="PASS">
          <params>
            <param index="0">
              <value>
                <![CDATA[chrome]]>
              </value>
            </param>
          </params>
          <reporter-output>
          </reporter-output>
        </test-method> <!-- setUp -->
        <test-method is-config="true" signature="initializePage()[pri:0, instance:tests.LoginPageTest@6a6c7f42]" started-at="2026-01-05T12:35:03 EST" name="initializePage" finished-at="2026-01-05T12:35:03 EST" duration-ms="43" status="PASS">
          <reporter-output>
          </reporter-output>
        </test-method> <!-- initializePage -->
        <test-method signature="testValidLogin()[pri:2, instance:tests.LoginPageTest@6a6c7f42]" started-at="2026-01-05T12:35:03 EST" name="testValidLogin" description="Verify successful login with valid credentials" finished-at="2026-01-05T12:35:12 EST" duration-ms="8548" status="PASS">
          <reporter-output>
          </reporter-output>
        </test-method> <!-- testValidLogin -->
        <test-method is-config="true" signature="tearDown()[pri:0, instance:tests.LoginPageTest@6a6c7f42]" started-at="2026-01-05T12:35:12 EST" name="tearDown" finished-at="2026-01-05T12:35:12 EST" duration-ms="246" status="PASS">
          <reporter-output>
          </reporter-output>
        </test-method> <!-- tearDown -->
      </class> <!-- tests.LoginPageTest -->
    </test> <!-- Login Tests -->
  </suite> <!-- OpenEMR Test Suite -->
</testng-results>
